<?xml version="1.0" encoding="UTF-8"?>
<testsuite xmlns:xsi="http://www.w3.org/2001/XMLSchema-instance" xsi:noNamespaceSchemaLocation="https://maven.apache.org/surefire/maven-surefire-plugin/xsd/surefire-test-report.xsd" name="TestSuite" time="95.897" tests="4" errors="0" skipped="0" failures="2">
  <properties>
    <property name="java.runtime.name" value="Java(TM) SE Runtime Environment"/>
    <property name="sun.boot.library.path" value="C:\Program Files\Java\jdk1.8.0_311\jre\bin"/>
    <property name="java.vm.version" value="25.311-b11"/>
    <property name="java.vm.vendor" value="Oracle Corporation"/>
    <property name="maven.multiModuleProjectDirectory" value="C:\Users\Acer\Desktop\excel\myfirstmavenproject (3)\myfirstmavenproject"/>
    <property name="java.vendor.url" value="http://java.oracle.com/"/>
    <property name="path.separator" value=";"/>
    <property name="guice.disable.misplaced.annotation.check" value="true"/>
    <property name="java.vm.name" value="Java HotSpot(TM) 64-Bit Server VM"/>
    <property name="file.encoding.pkg" value="sun.io"/>
    <property name="user.script" value=""/>
    <property name="user.country" value="IN"/>
    <property name="sun.java.launcher" value="SUN_STANDARD"/>
    <property name="sun.os.patch.level" value=""/>
    <property name="java.vm.specification.name" value="Java Virtual Machine Specification"/>
    <property name="user.dir" value="C:\Users\Acer\Desktop\excel\myfirstmavenproject (3)\myfirstmavenproject"/>
    <property name="java.runtime.version" value="1.8.0_311-b11"/>
    <property name="java.awt.graphicsenv" value="sun.awt.Win32GraphicsEnvironment"/>
    <property name="java.endorsed.dirs" value="C:\Program Files\Java\jdk1.8.0_311\jre\lib\endorsed"/>
    <property name="os.arch" value="amd64"/>
    <property name="java.io.tmpdir" value="C:\Users\Acer\AppData\Local\Temp\"/>
    <property name="line.separator" value="&#10;"/>
    <property name="java.vm.specification.vendor" value="Oracle Corporation"/>
    <property name="user.variant" value=""/>
    <property name="os.name" value="Windows 10"/>
    <property name="classworlds.conf" value="C:\Users\Acer\Desktop\mavan\apache-maven-3.8.7-bin\apache-maven-3.8.7\bin\m2.conf"/>
    <property name="sun.jnu.encoding" value="Cp1252"/>
    <property name="java.library.path" value="C:\Program Files\Java\jdk1.8.0_311\bin;C:\Windows\Sun\Java\bin;C:\Windows\system32;C:\Windows;C:\Program Files (x86)\Common Files\Oracle\Java\javapath;C:\Windows\system32;C:\Windows;C:\Windows\System32\Wbem;C:\Windows\System32\WindowsPowerShell\v1.0\;C:\Windows\System32\OpenSSH\;C:\Users\Acer\Desktop\mavan\apache-maven-3.8.7-bin\apache-maven-3.8.7\bin;C:\Program Files\Java\jdk1.8.0_311\bin;C:\Users\Acer\AppData\Local\Microsoft\WindowsApps;;."/>
    <property name="maven.conf" value="C:\Users\Acer\Desktop\mavan\apache-maven-3.8.7-bin\apache-maven-3.8.7/conf"/>
    <property name="java.specification.name" value="Java Platform API Specification"/>
    <property name="java.class.version" value="52.0"/>
    <property name="sun.management.compiler" value="HotSpot 64-Bit Tiered Compilers"/>
    <property name="os.version" value="10.0"/>
    <property name="library.jansi.path" value="C:\Users\Acer\Desktop\mavan\apache-maven-3.8.7-bin\apache-maven-3.8.7\lib\jansi-native"/>
    <property name="user.home" value="C:\Users\Acer"/>
    <property name="user.timezone" value="Asia/Calcutta"/>
    <property name="java.awt.printerjob" value="sun.awt.windows.WPrinterJob"/>
    <property name="java.specification.version" value="1.8"/>
    <property name="file.encoding" value="Cp1252"/>
    <property name="user.name" value="Acer"/>
    <property name="java.class.path" value="C:\Users\Acer\Desktop\mavan\apache-maven-3.8.7-bin\apache-maven-3.8.7\boot\plexus-classworlds-2.6.0.jar"/>
    <property name="java.vm.specification.version" value="1.8"/>
    <property name="sun.arch.data.model" value="64"/>
    <property name="java.home" value="C:\Program Files\Java\jdk1.8.0_311\jre"/>
    <property name="sun.java.command" value="org.codehaus.plexus.classworlds.launcher.Launcher test"/>
    <property name="java.specification.vendor" value="Oracle Corporation"/>
    <property name="user.language" value="en"/>
    <property name="awt.toolkit" value="sun.awt.windows.WToolkit"/>
    <property name="java.vm.info" value="mixed mode"/>
    <property name="java.version" value="1.8.0_311"/>
    <property name="java.ext.dirs" value="C:\Program Files\Java\jdk1.8.0_311\jre\lib\ext;C:\Windows\Sun\Java\lib\ext"/>
    <property name="sun.boot.class.path" value="C:\Program Files\Java\jdk1.8.0_311\jre\lib\resources.jar;C:\Program Files\Java\jdk1.8.0_311\jre\lib\rt.jar;C:\Program Files\Java\jdk1.8.0_311\jre\lib\sunrsasign.jar;C:\Program Files\Java\jdk1.8.0_311\jre\lib\jsse.jar;C:\Program Files\Java\jdk1.8.0_311\jre\lib\jce.jar;C:\Program Files\Java\jdk1.8.0_311\jre\lib\charsets.jar;C:\Program Files\Java\jdk1.8.0_311\jre\lib\jfr.jar;C:\Program Files\Java\jdk1.8.0_311\jre\classes"/>
    <property name="sun.stderr.encoding" value="cp437"/>
    <property name="java.vendor" value="Oracle Corporation"/>
    <property name="maven.home" value="C:\Users\Acer\Desktop\mavan\apache-maven-3.8.7-bin\apache-maven-3.8.7"/>
    <property name="file.separator" value="\"/>
    <property name="java.vendor.url.bug" value="http://bugreport.sun.com/bugreport/"/>
    <property name="sun.cpu.endian" value="little"/>
    <property name="sun.io.unicode.encoding" value="UnicodeLittle"/>
    <property name="sun.stdout.encoding" value="cp437"/>
    <property name="sun.desktop" value="windows"/>
    <property name="sun.cpu.isalist" value="amd64"/>
  </properties>
  <testcase name="invalidLogin" classname="tests.LoginTest" time="3.77">
    <failure message="expected [Invalid credentials1] but found [Invalid credentials]" type="java.lang.AssertionError">java.lang.AssertionError: expected [Invalid credentials1] but found [Invalid credentials]
	at tests.LoginTest.invalidLogin(LoginTest.java:41)
</failure>
    <system-out><![CDATA[onStart
02-06-2023 17:59:02 TestBase.java INFO  [main] testbase.TestBase 44 - Execution started for testcase:invalidLogin-----------
02-06-2023 17:59:04 driverfactory.java INFO  [main] driverFactory.driverfactory 21 - chorme initilaized
onTestStart
02-06-2023 17:59:34 elementutils.java INFO  [main] util.elementutils 20 - inside enterusername method
02-06-2023 17:59:35 elementutils.java INFO  [main] util.elementutils 21 - Locator :By.name: username
02-06-2023 17:59:35 elementutils.java INFO  [main] util.elementutils 24 - username successfully entered
02-06-2023 17:59:35 elementutils.java INFO  [main] util.elementutils 20 - inside enterusername method
02-06-2023 17:59:35 elementutils.java INFO  [main] util.elementutils 21 - Locator :By.name: password
02-06-2023 17:59:36 elementutils.java INFO  [main] util.elementutils 24 - username successfully entered
02-06-2023 17:59:36 elementutils.java INFO  [main] util.elementutils 34 - inside doclick method
02-06-2023 17:59:36 elementutils.java INFO  [main] util.elementutils 35 - Locator:By.className: orangehrm-login-button
beforeClickon
afterClickon
02-06-2023 17:59:38 elementutils.java INFO  [main] util.elementutils 38 - successful click on button
02-06-2023 17:59:38 elementutils.java INFO  [main] util.elementutils 47 - inside isElementPresent method
02-06-2023 17:59:38 elementutils.java INFO  [main] util.elementutils 48 - locator:By.className: oxd-alert-content-text
02-06-2023 17:59:38 elementutils.java INFO  [main] util.elementutils 52 - Element is present
02-06-2023 17:59:38 elementutils.java INFO  [main] util.elementutils 63 - inside gettext method
02-06-2023 17:59:38 elementutils.java INFO  [main] util.elementutils 64 - locator:By.className: oxd-alert-content-text
02-06-2023 17:59:38 elementutils.java INFO  [main] util.elementutils 67 - text found
]]></system-out>
    <system-err><![CDATA[SLF4J: No SLF4J providers were found.
SLF4J: Defaulting to no-operation (NOP) logger implementation
SLF4J: See https://www.slf4j.org/codes.html#noProviders for further details.
Starting ChromeDriver 109.0.5414.74 (e7c5703604daa9cc128ccf5a5d3e993513758913-refs/branch-heads/5414@{#1172}) on port 2080
Only local connections are allowed.
Please see https://chromedriver.chromium.org/security-considerations for suggestions on keeping ChromeDriver safe.
ChromeDriver was started successfully.
Feb 06, 2023 5:59:09 PM org.openqa.selenium.remote.ProtocolHandshake createSession
INFO: Detected dialect: W3C
]]></system-err>
  </testcase>
  <testcase name="loginTest" classname="tests.LoginTest" time="5.325">
    <failure message="expected [Sumit Rana] but found [Karnan Arjun]" type="java.lang.AssertionError">java.lang.AssertionError: expected [Sumit Rana] but found [Karnan Arjun]
	at tests.LoginTest.loginTest(LoginTest.java:28)
</failure>
    <system-out><![CDATA[onTestFailure
C:\Users\Acer\Desktop\excel\myfirstmavenproject (3)\myfirstmavenproject\Screenshots\invalidLogin.jpg
02-06-2023 17:59:40 TestBase.java INFO  [main] testbase.TestBase 44 - Execution started for testcase:loginTest-----------
02-06-2023 17:59:40 driverfactory.java INFO  [main] driverFactory.driverfactory 21 - chorme initilaized
onTestStart
02-06-2023 17:59:54 elementutils.java INFO  [main] util.elementutils 20 - inside enterusername method
02-06-2023 17:59:54 elementutils.java INFO  [main] util.elementutils 21 - Locator :By.name: username
02-06-2023 17:59:55 elementutils.java INFO  [main] util.elementutils 24 - username successfully entered
02-06-2023 17:59:55 elementutils.java INFO  [main] util.elementutils 20 - inside enterusername method
02-06-2023 17:59:55 elementutils.java INFO  [main] util.elementutils 21 - Locator :By.name: password
02-06-2023 17:59:55 elementutils.java INFO  [main] util.elementutils 24 - username successfully entered
02-06-2023 17:59:55 elementutils.java INFO  [main] util.elementutils 34 - inside doclick method
02-06-2023 17:59:55 elementutils.java INFO  [main] util.elementutils 35 - Locator:By.className: orangehrm-login-button
beforeClickon
afterClickon
02-06-2023 17:59:58 elementutils.java INFO  [main] util.elementutils 38 - successful click on button
02-06-2023 17:59:58 elementutils.java INFO  [main] util.elementutils 47 - inside isElementPresent method
02-06-2023 17:59:58 elementutils.java INFO  [main] util.elementutils 48 - locator:By.className: oxd-userdropdown-name
02-06-2023 17:59:59 elementutils.java INFO  [main] util.elementutils 52 - Element is present
]]></system-out>
    <system-err><![CDATA[Starting ChromeDriver 109.0.5414.74 (e7c5703604daa9cc128ccf5a5d3e993513758913-refs/branch-heads/5414@{#1172}) on port 20996
Only local connections are allowed.
Please see https://chromedriver.chromium.org/security-considerations for suggestions on keeping ChromeDriver safe.
ChromeDriver was started successfully.
Feb 06, 2023 5:59:43 PM org.openqa.selenium.remote.ProtocolHandshake createSession
INFO: Detected dialect: W3C
]]></system-err>
  </testcase>
  <testcase name="redirectToResetPasswordPageLinkPresent" classname="tests.LoginTest" time="0.202"/>
  <testcase name="navigateToResetPassword" classname="tests.LoginTest" time="2.564"/>
</testsuite>